2019-06-29 11:34:13,753 DEBUG ResourceBundleMessageInterpolator:89 -Loaded expression factory via original TCCL
2019-06-29 11:34:13,774 DEBUG ValidatorFactoryImpl:578 -HV000234: Using org.hibernate.validator.messageinterpolation.ResourceBundleMessageInterpolator as ValidatorFactory-scoped message interpolator.
2019-06-29 11:34:13,774 DEBUG ValidatorFactoryImpl:579 -HV000234: Using org.hibernate.validator.internal.engine.resolver.JPATraversableResolver as ValidatorFactory-scoped traversable resolver.
2019-06-29 11:34:13,775 DEBUG ValidatorFactoryImpl:580 -HV000234: Using org.hibernate.validator.internal.util.ExecutableParameterNameProvider as ValidatorFactory-scoped parameter name provider.
2019-06-29 11:34:13,776 DEBUG ValidatorFactoryImpl:581 -HV000234: Using org.hibernate.validator.internal.engine.DefaultClockProvider as ValidatorFactory-scoped clock provider.
2019-06-29 11:34:13,776 DEBUG ValidatorFactoryImpl:582 -HV000234: Using org.hibernate.validator.internal.engine.scripting.DefaultScriptEvaluatorFactory as ValidatorFactory-scoped script evaluator factory.
2019-06-29 11:34:14,339 INFO  JpaTestApplication:50 -Starting JpaTestApplication on DESKTOP-VSQ2N8B with PID 6824 (C:\work\test\jpa-test\target\classes started by FJN in C:\work\test\jpa-test)
2019-06-29 11:34:14,339 DEBUG JpaTestApplication:53 -Running with Spring Boot v2.0.5.RELEASE, Spring v5.0.9.RELEASE
2019-06-29 11:34:14,340 INFO  JpaTestApplication:680 -No active profile set, falling back to default profiles: default
2019-06-29 11:34:16,238 DEBUG MybatisAutoConfiguration:184 -Searching for mappers annotated with @Mapper
2019-06-29 11:34:16,249 DEBUG MybatisAutoConfiguration:196 -Using auto-configuration base package 'com.chan'
2019-06-29 11:34:18,568 INFO  Http11NioProtocol:180 -Initializing ProtocolHandler ["http-nio-8090"]
2019-06-29 11:34:18,586 INFO  StandardService:180 -Starting service [Tomcat]
2019-06-29 11:34:18,586 INFO  StandardEngine:180 -Starting Servlet Engine: Apache Tomcat/8.5.34
2019-06-29 11:34:18,623 INFO  AprLifecycleListener:180 -The APR based Apache Tomcat Native library which allows optimal performance in production environments was not found on the java.library.path: [C:\Program Files\Java\jdk1.8.0_144\bin;C:\Windows\Sun\Java\bin;C:\Windows\system32;C:\Windows;C:\ProgramData\Oracle\Java\javapath;C:\Windows\system32;C:\Windows;C:\Windows\System32\Wbem;C:\Windows\System32\WindowsPowerShell\v1.0\;C:\Windows\System32\OpenSSH\;C:\Program Files (x86)\Intel\Intel(R) Management Engine Components\DAL;C:\Program Files\Intel\Intel(R) Management Engine Components\DAL;C:\work\tool\apache-maven-3.6.1\bin\;C:\Program Files\TortoiseSVN\bin;C:\Program Files\Git\cmd;C:\Program Files\SlikSvn\bin;C:\Program Files\TortoiseGit\bin;C:\Users\FJN\AppData\Local\Microsoft\WindowsApps;;C:\Program Files\JetBrains\IntelliJ IDEA 2019.1.3\bin;;.]
2019-06-29 11:34:19,058 INFO  [/]:180 -Initializing Spring embedded WebApplicationContext
2019-06-29 11:34:19,676 DEBUG HikariConfig:495 -Driver class com.mysql.jdbc.Driver found in Thread context class loader sun.misc.Launcher$AppClassLoader@18b4aac2
2019-06-29 11:34:20,012 DEBUG HikariConfig:1119 -HikariPool-1 - configuration:
2019-06-29 11:34:20,014 DEBUG HikariConfig:1151 -allowPoolSuspension.............false
2019-06-29 11:34:20,015 DEBUG HikariConfig:1151 -autoCommit......................true
2019-06-29 11:34:20,015 DEBUG HikariConfig:1151 -catalog.........................none
2019-06-29 11:34:20,015 DEBUG HikariConfig:1151 -connectionInitSql...............none
2019-06-29 11:34:20,016 DEBUG HikariConfig:1151 -connectionTestQuery.............none
2019-06-29 11:34:20,016 DEBUG HikariConfig:1151 -connectionTimeout...............30000
2019-06-29 11:34:20,016 DEBUG HikariConfig:1151 -dataSource......................none
2019-06-29 11:34:20,016 DEBUG HikariConfig:1151 -dataSourceClassName.............none
2019-06-29 11:34:20,017 DEBUG HikariConfig:1151 -dataSourceJNDI..................none
2019-06-29 11:34:20,017 DEBUG HikariConfig:1151 -dataSourceProperties............{password=<masked>}
2019-06-29 11:34:20,018 DEBUG HikariConfig:1151 -driverClassName................."com.mysql.jdbc.Driver"
2019-06-29 11:34:20,018 DEBUG HikariConfig:1151 -healthCheckProperties...........{}
2019-06-29 11:34:20,018 DEBUG HikariConfig:1151 -healthCheckRegistry.............none
2019-06-29 11:34:20,019 DEBUG HikariConfig:1151 -idleTimeout.....................600000
2019-06-29 11:34:20,019 DEBUG HikariConfig:1151 -initializationFailFast..........true
2019-06-29 11:34:20,019 DEBUG HikariConfig:1151 -initializationFailTimeout.......1
2019-06-29 11:34:20,019 DEBUG HikariConfig:1151 -isolateInternalQueries..........false
2019-06-29 11:34:20,020 DEBUG HikariConfig:1151 -jdbc4ConnectionTest.............false
2019-06-29 11:34:20,020 DEBUG HikariConfig:1151 -jdbcUrl.........................jdbc:mysql://47.107.234.15:3306/test?useUnicode=true&characterEncoding=UTF-8&serverTimezone=GMT%2B8&useSSL=true
2019-06-29 11:34:20,020 DEBUG HikariConfig:1151 -leakDetectionThreshold..........0
2019-06-29 11:34:20,020 DEBUG HikariConfig:1151 -maxLifetime.....................1800000
2019-06-29 11:34:20,021 DEBUG HikariConfig:1151 -maximumPoolSize.................10
2019-06-29 11:34:20,021 DEBUG HikariConfig:1151 -metricRegistry..................none
2019-06-29 11:34:20,021 DEBUG HikariConfig:1151 -metricsTrackerFactory...........none
2019-06-29 11:34:20,021 DEBUG HikariConfig:1151 -minimumIdle.....................10
2019-06-29 11:34:20,021 DEBUG HikariConfig:1151 -password........................<masked>
2019-06-29 11:34:20,022 DEBUG HikariConfig:1151 -poolName........................"HikariPool-1"
2019-06-29 11:34:20,022 DEBUG HikariConfig:1151 -readOnly........................false
2019-06-29 11:34:20,022 DEBUG HikariConfig:1151 -registerMbeans..................false
2019-06-29 11:34:20,022 DEBUG HikariConfig:1151 -scheduledExecutor...............none
2019-06-29 11:34:20,023 DEBUG HikariConfig:1151 -scheduledExecutorService........internal
2019-06-29 11:34:20,023 DEBUG HikariConfig:1151 -schema..........................none
2019-06-29 11:34:20,023 DEBUG HikariConfig:1151 -threadFactory...................internal
2019-06-29 11:34:20,023 DEBUG HikariConfig:1151 -transactionIsolation............default
2019-06-29 11:34:20,024 DEBUG HikariConfig:1151 -username........................"root"
2019-06-29 11:34:20,024 DEBUG HikariConfig:1151 -validationTimeout...............5000
2019-06-29 11:34:20,024 INFO  HikariDataSource:110 -HikariPool-1 - Starting...
2019-06-29 11:34:20,028 WARN  DriverDataSource:68 -Registered driver with driverClassName=com.mysql.jdbc.Driver was not found, trying direct instantiation.
2019-06-29 11:34:20,028 DEBUG DriverDataSource:75 -Driver class com.mysql.jdbc.Driver found in Thread context class loader sun.misc.Launcher$AppClassLoader@18b4aac2
2019-06-29 11:34:20,492 DEBUG HikariPool:538 -HikariPool-1 - Added connection com.mysql.cj.jdbc.ConnectionImpl@47244b80
2019-06-29 11:34:20,496 INFO  HikariDataSource:123 -HikariPool-1 - Start completed.
2019-06-29 11:34:20,597 DEBUG HikariPool:404 -HikariPool-1 - Pool stats (total=1, active=0, idle=1, waiting=0)
2019-06-29 11:34:20,667 DEBUG HikariPool:702 -HikariPool-1 - Added connection com.mysql.cj.jdbc.ConnectionImpl@5ae8a44b
2019-06-29 11:34:20,760 DEBUG HikariPool:702 -HikariPool-1 - Added connection com.mysql.cj.jdbc.ConnectionImpl@3ac75b04
2019-06-29 11:34:20,812 DEBUG LogHelper:102 -PersistenceUnitInfo [
	name: default
	persistence provider classname: null
	classloader: sun.misc.Launcher$AppClassLoader@18b4aac2
	excludeUnlistedClasses: true
	JTA datasource: null
	Non JTA datasource: HikariDataSource (HikariPool-1)
	Transaction type: RESOURCE_LOCAL
	PU root URL: file:/C:/work/test/jpa-test/target/classes/
	Shared Cache Mode: UNSPECIFIED
	Validation Mode: AUTO
	Jar files URLs []
	Managed classes names [
		com.chan.model.dto.UserDto]
	Mapping files names []
	Properties []
2019-06-29 11:34:20,833 DEBUG HikariPool:702 -HikariPool-1 - Added connection com.mysql.cj.jdbc.ConnectionImpl@3e89857a
2019-06-29 11:34:20,848 DEBUG IntegratorServiceImpl:46 -Adding Integrator [org.hibernate.cfg.beanvalidation.BeanValidationIntegrator].
2019-06-29 11:34:20,850 DEBUG IntegratorServiceImpl:46 -Adding Integrator [org.hibernate.secure.spi.JaccIntegrator].
2019-06-29 11:34:20,854 DEBUG IntegratorServiceImpl:46 -Adding Integrator [org.hibernate.cache.internal.CollectionCacheInvalidator].
2019-06-29 11:34:20,855 DEBUG IntegratorServiceImpl:46 -Adding Integrator [org.hibernate.jpa.event.spi.JpaIntegrator].
2019-06-29 11:34:20,915 DEBUG HikariPool:702 -HikariPool-1 - Added connection com.mysql.cj.jdbc.ConnectionImpl@2ea98ca7
2019-06-29 11:34:20,985 DEBUG HikariPool:702 -HikariPool-1 - Added connection com.mysql.cj.jdbc.ConnectionImpl@296c1292
2019-06-29 11:34:21,017 INFO  Version:45 -HHH000412: Hibernate Core {5.2.17.Final}
2019-06-29 11:34:21,021 INFO  Environment:213 -HHH000206: hibernate.properties not found
2019-06-29 11:34:21,063 DEBUG HikariPool:702 -HikariPool-1 - Added connection com.mysql.cj.jdbc.ConnectionImpl@6b2af10c
2019-06-29 11:34:21,066 DEBUG ServiceBinding:68 -Overriding existing service binding [org.hibernate.secure.spi.JaccService]
2019-06-29 11:34:21,115 DEBUG HikariPool:702 -HikariPool-1 - Added connection com.mysql.cj.jdbc.ConnectionImpl@4f144474
2019-06-29 11:34:21,145 DEBUG RegionFactoryInitiator:75 -Cache region factory : org.hibernate.cache.internal.NoCachingRegionFactory
2019-06-29 11:34:21,161 INFO  Version:66 -HCANN000001: Hibernate Commons Annotations {5.0.1.Final}
2019-06-29 11:34:21,190 DEBUG HikariPool:702 -HikariPool-1 - Added connection com.mysql.cj.jdbc.ConnectionImpl@6ac560bf
2019-06-29 11:34:21,270 DEBUG HikariPool:702 -HikariPool-1 - Added connection com.mysql.cj.jdbc.ConnectionImpl@47e38b42
2019-06-29 11:34:21,270 DEBUG HikariPool:404 -HikariPool-1 - After adding stats (total=10, active=0, idle=10, waiting=0)
2019-06-29 11:34:21,339 DEBUG BasicTypeRegistry:145 -Adding type registration boolean -> org.hibernate.type.BooleanType@752dac42
2019-06-29 11:34:21,339 DEBUG BasicTypeRegistry:145 -Adding type registration boolean -> org.hibernate.type.BooleanType@752dac42
2019-06-29 11:34:21,340 DEBUG BasicTypeRegistry:145 -Adding type registration java.lang.Boolean -> org.hibernate.type.BooleanType@752dac42
2019-06-29 11:34:21,345 DEBUG BasicTypeRegistry:145 -Adding type registration numeric_boolean -> org.hibernate.type.NumericBooleanType@15bc3cf
2019-06-29 11:34:21,347 DEBUG BasicTypeRegistry:145 -Adding type registration true_false -> org.hibernate.type.TrueFalseType@73de4992
2019-06-29 11:34:21,348 DEBUG BasicTypeRegistry:145 -Adding type registration yes_no -> org.hibernate.type.YesNoType@6fe556e9
2019-06-29 11:34:21,351 DEBUG BasicTypeRegistry:145 -Adding type registration byte -> org.hibernate.type.ByteType@133aa80d
2019-06-29 11:34:21,351 DEBUG BasicTypeRegistry:145 -Adding type registration byte -> org.hibernate.type.ByteType@133aa80d
2019-06-29 11:34:21,352 DEBUG BasicTypeRegistry:145 -Adding type registration java.lang.Byte -> org.hibernate.type.ByteType@133aa80d
2019-06-29 11:34:21,353 DEBUG BasicTypeRegistry:145 -Adding type registration character -> org.hibernate.type.CharacterType@7c3da846
2019-06-29 11:34:21,354 DEBUG BasicTypeRegistry:145 -Adding type registration char -> org.hibernate.type.CharacterType@7c3da846
2019-06-29 11:34:21,354 DEBUG BasicTypeRegistry:145 -Adding type registration java.lang.Character -> org.hibernate.type.CharacterType@7c3da846
2019-06-29 11:34:21,356 DEBUG BasicTypeRegistry:145 -Adding type registration short -> org.hibernate.type.ShortType@5efa0c6d
2019-06-29 11:34:21,356 DEBUG BasicTypeRegistry:145 -Adding type registration short -> org.hibernate.type.ShortType@5efa0c6d
2019-06-29 11:34:21,357 DEBUG BasicTypeRegistry:145 -Adding type registration java.lang.Short -> org.hibernate.type.ShortType@5efa0c6d
2019-06-29 11:34:21,359 DEBUG BasicTypeRegistry:145 -Adding type registration integer -> org.hibernate.type.IntegerType@302117f6
2019-06-29 11:34:21,359 DEBUG BasicTypeRegistry:145 -Adding type registration int -> org.hibernate.type.IntegerType@302117f6
2019-06-29 11:34:21,359 DEBUG BasicTypeRegistry:145 -Adding type registration java.lang.Integer -> org.hibernate.type.IntegerType@302117f6
2019-06-29 11:34:21,362 DEBUG BasicTypeRegistry:145 -Adding type registration long -> org.hibernate.type.LongType@34cb3811
2019-06-29 11:34:21,362 DEBUG BasicTypeRegistry:145 -Adding type registration long -> org.hibernate.type.LongType@34cb3811
2019-06-29 11:34:21,362 DEBUG BasicTypeRegistry:145 -Adding type registration java.lang.Long -> org.hibernate.type.LongType@34cb3811
2019-06-29 11:34:21,365 DEBUG BasicTypeRegistry:145 -Adding type registration float -> org.hibernate.type.FloatType@5eb07b3
2019-06-29 11:34:21,366 DEBUG BasicTypeRegistry:145 -Adding type registration float -> org.hibernate.type.FloatType@5eb07b3
2019-06-29 11:34:21,366 DEBUG BasicTypeRegistry:145 -Adding type registration java.lang.Float -> org.hibernate.type.FloatType@5eb07b3
2019-06-29 11:34:21,368 DEBUG BasicTypeRegistry:145 -Adding type registration double -> org.hibernate.type.DoubleType@3a63fa2e
2019-06-29 11:34:21,369 DEBUG BasicTypeRegistry:145 -Adding type registration double -> org.hibernate.type.DoubleType@3a63fa2e
2019-06-29 11:34:21,369 DEBUG BasicTypeRegistry:145 -Adding type registration java.lang.Double -> org.hibernate.type.DoubleType@3a63fa2e
2019-06-29 11:34:21,371 DEBUG BasicTypeRegistry:145 -Adding type registration big_decimal -> org.hibernate.type.BigDecimalType@5d189f93
2019-06-29 11:34:21,371 DEBUG BasicTypeRegistry:145 -Adding type registration java.math.BigDecimal -> org.hibernate.type.BigDecimalType@5d189f93
2019-06-29 11:34:21,373 DEBUG BasicTypeRegistry:145 -Adding type registration big_integer -> org.hibernate.type.BigIntegerType@32703cef
2019-06-29 11:34:21,373 DEBUG BasicTypeRegistry:145 -Adding type registration java.math.BigInteger -> org.hibernate.type.BigIntegerType@32703cef
2019-06-29 11:34:21,376 DEBUG BasicTypeRegistry:145 -Adding type registration string -> org.hibernate.type.StringType@20d00eb0
2019-06-29 11:34:21,376 DEBUG BasicTypeRegistry:145 -Adding type registration java.lang.String -> org.hibernate.type.StringType@20d00eb0
2019-06-29 11:34:21,378 DEBUG BasicTypeRegistry:145 -Adding type registration nstring -> org.hibernate.type.StringNVarcharType@4105e51f
2019-06-29 11:34:21,380 DEBUG BasicTypeRegistry:145 -Adding type registration ncharacter -> org.hibernate.type.CharacterNCharType@1216ecbb
2019-06-29 11:34:21,382 DEBUG BasicTypeRegistry:145 -Adding type registration url -> org.hibernate.type.UrlType@7fc6fee4
2019-06-29 11:34:21,383 DEBUG BasicTypeRegistry:145 -Adding type registration java.net.URL -> org.hibernate.type.UrlType@7fc6fee4
2019-06-29 11:34:21,385 DEBUG BasicTypeRegistry:145 -Adding type registration Duration -> org.hibernate.type.DurationType@44936c34
2019-06-29 11:34:21,385 DEBUG BasicTypeRegistry:145 -Adding type registration java.time.Duration -> org.hibernate.type.DurationType@44936c34
2019-06-29 11:34:21,389 DEBUG BasicTypeRegistry:145 -Adding type registration Instant -> org.hibernate.type.InstantType@3108465
2019-06-29 11:34:21,389 DEBUG BasicTypeRegistry:145 -Adding type registration java.time.Instant -> org.hibernate.type.InstantType@3108465
2019-06-29 11:34:21,392 DEBUG BasicTypeRegistry:145 -Adding type registration LocalDateTime -> org.hibernate.type.LocalDateTimeType@2b8be5b8
2019-06-29 11:34:21,392 DEBUG BasicTypeRegistry:145 -Adding type registration java.time.LocalDateTime -> org.hibernate.type.LocalDateTimeType@2b8be5b8
2019-06-29 11:34:21,395 DEBUG BasicTypeRegistry:145 -Adding type registration LocalDate -> org.hibernate.type.LocalDateType@5c8aa4ee
2019-06-29 11:34:21,395 DEBUG BasicTypeRegistry:145 -Adding type registration java.time.LocalDate -> org.hibernate.type.LocalDateType@5c8aa4ee
2019-06-29 11:34:21,399 DEBUG BasicTypeRegistry:145 -Adding type registration LocalTime -> org.hibernate.type.LocalTimeType@3daa01d8
2019-06-29 11:34:21,399 DEBUG BasicTypeRegistry:145 -Adding type registration java.time.LocalTime -> org.hibernate.type.LocalTimeType@3daa01d8
2019-06-29 11:34:21,401 DEBUG BasicTypeRegistry:145 -Adding type registration OffsetDateTime -> org.hibernate.type.OffsetDateTimeType@33b4c60d
2019-06-29 11:34:21,402 DEBUG BasicTypeRegistry:145 -Adding type registration java.time.OffsetDateTime -> org.hibernate.type.OffsetDateTimeType@33b4c60d
2019-06-29 11:34:21,404 DEBUG BasicTypeRegistry:145 -Adding type registration OffsetTime -> org.hibernate.type.OffsetTimeType@3ea3cbbb
2019-06-29 11:34:21,404 DEBUG BasicTypeRegistry:145 -Adding type registration java.time.OffsetTime -> org.hibernate.type.OffsetTimeType@3ea3cbbb
2019-06-29 11:34:21,407 DEBUG BasicTypeRegistry:145 -Adding type registration ZonedDateTime -> org.hibernate.type.ZonedDateTimeType@4094db4c
2019-06-29 11:34:21,407 DEBUG BasicTypeRegistry:145 -Adding type registration java.time.ZonedDateTime -> org.hibernate.type.ZonedDateTimeType@4094db4c
2019-06-29 11:34:21,413 DEBUG BasicTypeRegistry:145 -Adding type registration date -> org.hibernate.type.DateType@6270b33e
2019-06-29 11:34:21,414 DEBUG BasicTypeRegistry:145 -Adding type registration java.sql.Date -> org.hibernate.type.DateType@6270b33e
2019-06-29 11:34:21,416 DEBUG BasicTypeRegistry:145 -Adding type registration time -> org.hibernate.type.TimeType@29fc6b18
2019-06-29 11:34:21,417 DEBUG BasicTypeRegistry:145 -Adding type registration java.sql.Time -> org.hibernate.type.TimeType@29fc6b18
2019-06-29 11:34:21,419 DEBUG BasicTypeRegistry:145 -Adding type registration timestamp -> org.hibernate.type.TimestampType@77b0097
2019-06-29 11:34:21,419 DEBUG BasicTypeRegistry:145 -Adding type registration java.sql.Timestamp -> org.hibernate.type.TimestampType@77b0097
2019-06-29 11:34:21,419 DEBUG BasicTypeRegistry:145 -Adding type registration java.util.Date -> org.hibernate.type.TimestampType@77b0097
2019-06-29 11:34:21,422 DEBUG BasicTypeRegistry:145 -Adding type registration dbtimestamp -> org.hibernate.type.DbTimestampType@e5c8fa2
2019-06-29 11:34:21,428 DEBUG BasicTypeRegistry:145 -Adding type registration calendar -> org.hibernate.type.CalendarType@7c5583ca
2019-06-29 11:34:21,428 DEBUG BasicTypeRegistry:145 -Adding type registration java.util.Calendar -> org.hibernate.type.CalendarType@7c5583ca
2019-06-29 11:34:21,428 DEBUG BasicTypeRegistry:145 -Adding type registration java.util.GregorianCalendar -> org.hibernate.type.CalendarType@7c5583ca
2019-06-29 11:34:21,430 DEBUG BasicTypeRegistry:145 -Adding type registration calendar_date -> org.hibernate.type.CalendarDateType@6f707397
2019-06-29 11:34:21,433 DEBUG BasicTypeRegistry:145 -Adding type registration locale -> org.hibernate.type.LocaleType@52094017
2019-06-29 11:34:21,433 DEBUG BasicTypeRegistry:145 -Adding type registration java.util.Locale -> org.hibernate.type.LocaleType@52094017
2019-06-29 11:34:21,435 DEBUG BasicTypeRegistry:145 -Adding type registration currency -> org.hibernate.type.CurrencyType@999a99c
2019-06-29 11:34:21,435 DEBUG BasicTypeRegistry:145 -Adding type registration java.util.Currency -> org.hibernate.type.CurrencyType@999a99c
2019-06-29 11:34:21,436 DEBUG BasicTypeRegistry:145 -Adding type registration timezone -> org.hibernate.type.TimeZoneType@48ea4220
2019-06-29 11:34:21,436 DEBUG BasicTypeRegistry:145 -Adding type registration java.util.TimeZone -> org.hibernate.type.TimeZoneType@48ea4220
2019-06-29 11:34:21,437 DEBUG BasicTypeRegistry:145 -Adding type registration class -> org.hibernate.type.ClassType@fd9e9e9
2019-06-29 11:34:21,438 DEBUG BasicTypeRegistry:145 -Adding type registration java.lang.Class -> org.hibernate.type.ClassType@fd9e9e9
2019-06-29 11:34:21,440 DEBUG BasicTypeRegistry:145 -Adding type registration uuid-binary -> org.hibernate.type.UUIDBinaryType@7a724dd8
2019-06-29 11:34:21,440 DEBUG BasicTypeRegistry:145 -Adding type registration java.util.UUID -> org.hibernate.type.UUIDBinaryType@7a724dd8
2019-06-29 11:34:21,441 DEBUG BasicTypeRegistry:145 -Adding type registration uuid-char -> org.hibernate.type.UUIDCharType@579ac605
2019-06-29 11:34:21,445 DEBUG BasicTypeRegistry:145 -Adding type registration binary -> org.hibernate.type.BinaryType@19cfa9b3
2019-06-29 11:34:21,445 DEBUG BasicTypeRegistry:145 -Adding type registration byte[] -> org.hibernate.type.BinaryType@19cfa9b3
2019-06-29 11:34:21,445 DEBUG BasicTypeRegistry:145 -Adding type registration [B -> org.hibernate.type.BinaryType@19cfa9b3
2019-06-29 11:34:21,448 DEBUG BasicTypeRegistry:145 -Adding type registration wrapper-binary -> org.hibernate.type.WrapperBinaryType@23d4d446
2019-06-29 11:34:21,448 DEBUG BasicTypeRegistry:145 -Adding type registration Byte[] -> org.hibernate.type.WrapperBinaryType@23d4d446
2019-06-29 11:34:21,448 DEBUG BasicTypeRegistry:145 -Adding type registration [Ljava.lang.Byte; -> org.hibernate.type.WrapperBinaryType@23d4d446
2019-06-29 11:34:21,450 DEBUG BasicTypeRegistry:145 -Adding type registration row_version -> org.hibernate.type.RowVersionType@52c639e6
2019-06-29 11:34:21,451 DEBUG BasicTypeRegistry:145 -Adding type registration image -> org.hibernate.type.ImageType@1e270bc0
2019-06-29 11:34:21,453 DEBUG BasicTypeRegistry:145 -Adding type registration characters -> org.hibernate.type.CharArrayType@65b250db
2019-06-29 11:34:21,453 DEBUG BasicTypeRegistry:145 -Adding type registration char[] -> org.hibernate.type.CharArrayType@65b250db
2019-06-29 11:34:21,453 DEBUG BasicTypeRegistry:145 -Adding type registration [C -> org.hibernate.type.CharArrayType@65b250db
2019-06-29 11:34:21,455 DEBUG BasicTypeRegistry:145 -Adding type registration wrapper-characters -> org.hibernate.type.CharacterArrayType@62cfd873
2019-06-29 11:34:21,455 DEBUG BasicTypeRegistry:145 -Adding type registration [Ljava.lang.Character; -> org.hibernate.type.CharacterArrayType@62cfd873
2019-06-29 11:34:21,455 DEBUG BasicTypeRegistry:145 -Adding type registration Character[] -> org.hibernate.type.CharacterArrayType@62cfd873
2019-06-29 11:34:21,457 DEBUG BasicTypeRegistry:145 -Adding type registration text -> org.hibernate.type.TextType@694edb49
2019-06-29 11:34:21,461 DEBUG BasicTypeRegistry:145 -Adding type registration ntext -> org.hibernate.type.NTextType@416df793
2019-06-29 11:34:21,465 DEBUG BasicTypeRegistry:145 -Adding type registration blob -> org.hibernate.type.BlobType@7fe5dbe7
2019-06-29 11:34:21,465 DEBUG BasicTypeRegistry:145 -Adding type registration java.sql.Blob -> org.hibernate.type.BlobType@7fe5dbe7
2019-06-29 11:34:21,466 DEBUG BasicTypeRegistry:145 -Adding type registration materialized_blob -> org.hibernate.type.MaterializedBlobType@21d7a710
2019-06-29 11:34:21,471 DEBUG BasicTypeRegistry:145 -Adding type registration clob -> org.hibernate.type.ClobType@676ce11e
2019-06-29 11:34:21,471 DEBUG BasicTypeRegistry:145 -Adding type registration java.sql.Clob -> org.hibernate.type.ClobType@676ce11e
2019-06-29 11:34:21,477 DEBUG BasicTypeRegistry:145 -Adding type registration nclob -> org.hibernate.type.NClobType@33d2fd60
2019-06-29 11:34:21,477 DEBUG BasicTypeRegistry:145 -Adding type registration java.sql.NClob -> org.hibernate.type.NClobType@33d2fd60
2019-06-29 11:34:21,478 DEBUG BasicTypeRegistry:145 -Adding type registration materialized_clob -> org.hibernate.type.MaterializedClobType@28120744
2019-06-29 11:34:21,479 DEBUG BasicTypeRegistry:145 -Adding type registration materialized_nclob -> org.hibernate.type.MaterializedNClobType@7d088a93
2019-06-29 11:34:21,483 DEBUG BasicTypeRegistry:145 -Adding type registration serializable -> org.hibernate.type.SerializableType@6a729301
2019-06-29 11:34:21,487 DEBUG BasicTypeRegistry:145 -Adding type registration object -> org.hibernate.type.ObjectType@5aa4d909
2019-06-29 11:34:21,488 DEBUG BasicTypeRegistry:145 -Adding type registration java.lang.Object -> org.hibernate.type.ObjectType@5aa4d909
2019-06-29 11:34:21,489 DEBUG BasicTypeRegistry:145 -Adding type registration imm_date -> org.hibernate.type.AdaptedImmutableType@10c81d5c
2019-06-29 11:34:21,489 DEBUG BasicTypeRegistry:145 -Adding type registration imm_time -> org.hibernate.type.AdaptedImmutableType@24be992a
2019-06-29 11:34:21,489 DEBUG BasicTypeRegistry:145 -Adding type registration imm_timestamp -> org.hibernate.type.AdaptedImmutableType@14071757
2019-06-29 11:34:21,489 DEBUG BasicTypeRegistry:145 -Adding type registration imm_dbtimestamp -> org.hibernate.type.AdaptedImmutableType@77b4dcf0
2019-06-29 11:34:21,489 DEBUG BasicTypeRegistry:145 -Adding type registration imm_calendar -> org.hibernate.type.AdaptedImmutableType@27c61da7
2019-06-29 11:34:21,490 DEBUG BasicTypeRegistry:145 -Adding type registration imm_calendar_date -> org.hibernate.type.AdaptedImmutableType@77e1b7bc
2019-06-29 11:34:21,490 DEBUG BasicTypeRegistry:145 -Adding type registration imm_binary -> org.hibernate.type.AdaptedImmutableType@5b70bbb8
2019-06-29 11:34:21,490 DEBUG BasicTypeRegistry:145 -Adding type registration imm_serializable -> org.hibernate.type.AdaptedImmutableType@a72af7a
2019-06-29 11:34:21,520 DEBUG JdbcEnvironmentInitiator:72 -Database ->
       name : MySQL
    version : 5.7.26
      major : 5
      minor : 7
2019-06-29 11:34:21,521 DEBUG JdbcEnvironmentInitiator:83 -Driver ->
       name : MySQL Connector Java
    version : mysql-connector-java-6.0.6 ( Revision: 3dab84f4d9bede3cdd14d57b99e9e98a02a5b97d )
      major : 6
      minor : 0
2019-06-29 11:34:21,521 DEBUG JdbcEnvironmentInitiator:389 -JDBC version : 4.1
2019-06-29 11:34:21,550 INFO  Dialect:157 -HHH000400: Using dialect: org.hibernate.dialect.MySQL5Dialect
2019-06-29 11:34:21,648 DEBUG IdentifierHelperBuilder:117 -JDBC driver metadata reported database stores quoted identifiers in more than one case
2019-06-29 11:34:21,651 DEBUG IdentifierHelperBuilder:191 -IdentifierCaseStrategy for both quoted and unquoted identifiers was set to the same strategy [MIXED]; that will likely lead to problems in schema update and validation if using quoted identifiers
2019-06-29 11:34:21,691 DEBUG DefaultIdentifierGeneratorFactory:81 -Registering IdentifierGenerator strategy [uuid2] -> [org.hibernate.id.UUIDGenerator]
2019-06-29 11:34:21,692 DEBUG DefaultIdentifierGeneratorFactory:81 -Registering IdentifierGenerator strategy [guid] -> [org.hibernate.id.GUIDGenerator]
2019-06-29 11:34:21,695 DEBUG DefaultIdentifierGeneratorFactory:81 -Registering IdentifierGenerator strategy [uuid] -> [org.hibernate.id.UUIDHexGenerator]
2019-06-29 11:34:21,695 DEBUG DefaultIdentifierGeneratorFactory:81 -Registering IdentifierGenerator strategy [uuid.hex] -> [org.hibernate.id.UUIDHexGenerator]
2019-06-29 11:34:21,696 DEBUG DefaultIdentifierGeneratorFactory:81 -Registering IdentifierGenerator strategy [assigned] -> [org.hibernate.id.Assigned]
2019-06-29 11:34:21,699 DEBUG DefaultIdentifierGeneratorFactory:81 -Registering IdentifierGenerator strategy [identity] -> [org.hibernate.id.IdentityGenerator]
2019-06-29 11:34:21,700 DEBUG DefaultIdentifierGeneratorFactory:81 -Registering IdentifierGenerator strategy [select] -> [org.hibernate.id.SelectGenerator]
2019-06-29 11:34:21,703 DEBUG DefaultIdentifierGeneratorFactory:81 -Registering IdentifierGenerator strategy [sequence] -> [org.hibernate.id.enhanced.SequenceStyleGenerator]
2019-06-29 11:34:21,706 DEBUG DefaultIdentifierGeneratorFactory:81 -Registering IdentifierGenerator strategy [seqhilo] -> [org.hibernate.id.SequenceHiLoGenerator]
2019-06-29 11:34:21,707 DEBUG DefaultIdentifierGeneratorFactory:81 -Registering IdentifierGenerator strategy [increment] -> [org.hibernate.id.IncrementGenerator]
2019-06-29 11:34:21,708 DEBUG DefaultIdentifierGeneratorFactory:81 -Registering IdentifierGenerator strategy [foreign] -> [org.hibernate.id.ForeignGenerator]
2019-06-29 11:34:21,709 DEBUG DefaultIdentifierGeneratorFactory:81 -Registering IdentifierGenerator strategy [sequence-identity] -> [org.hibernate.id.SequenceIdentityGenerator]
2019-06-29 11:34:21,710 DEBUG DefaultIdentifierGeneratorFactory:81 -Registering IdentifierGenerator strategy [enhanced-sequence] -> [org.hibernate.id.enhanced.SequenceStyleGenerator]
2019-06-29 11:34:21,712 DEBUG DefaultIdentifierGeneratorFactory:81 -Registering IdentifierGenerator strategy [enhanced-table] -> [org.hibernate.id.enhanced.TableGenerator]
2019-06-29 11:34:21,762 DEBUG Namespace:47 -Created database namespace [logicalName=Name{catalog=null, schema=null}, physicalName=Name{catalog=null, schema=null}]
2019-06-29 11:34:21,814 DEBUG AnnotationBinder:512 -Binding entity from annotated class: com.chan.model.dto.UserDto
2019-06-29 11:34:21,897 DEBUG Ejb3Column:213 -Binding column: Ejb3DiscriminatorColumn{logicalColumnName'DTYPE', discriminatorTypeName='string'}
2019-06-29 11:34:21,908 DEBUG EntityBinder:419 -Import with entity name t_user
2019-06-29 11:34:21,928 DEBUG EntityBinder:695 -Bind entity com.chan.model.dto.UserDto on table t_user
2019-06-29 11:34:21,964 DEBUG Ejb3Column:213 -Binding column: Ejb3Column{table=org.hibernate.mapping.Table(t_user), mappingColumn=id, insertable=true, updatable=true, unique=false}
2019-06-29 11:34:21,971 DEBUG PropertyBinder:175 -MetadataSourceProcessor property id with lazy=false
2019-06-29 11:34:21,976 DEBUG AbstractPropertyHolder:95 -Attempting to locate auto-apply AttributeConverter for property [com.chan.model.dto.UserDto:id]
2019-06-29 11:34:21,978 DEBUG SimpleValueBinder:411 -building SimpleValue for id
2019-06-29 11:34:21,985 DEBUG PropertyBinder:266 -Building property id
2019-06-29 11:34:22,007 DEBUG Ejb3Column:213 -Binding column: Ejb3Column{table=org.hibernate.mapping.Table(t_user), mappingColumn=age, insertable=true, updatable=true, unique=false}
2019-06-29 11:34:22,007 DEBUG PropertyBinder:175 -MetadataSourceProcessor property age with lazy=false
2019-06-29 11:34:22,007 DEBUG AbstractPropertyHolder:95 -Attempting to locate auto-apply AttributeConverter for property [com.chan.model.dto.UserDto:age]
2019-06-29 11:34:22,007 DEBUG SimpleValueBinder:411 -building SimpleValue for age
2019-06-29 11:34:22,008 DEBUG PropertyBinder:266 -Building property age
2019-06-29 11:34:22,009 DEBUG Ejb3Column:213 -Binding column: Ejb3Column{table=org.hibernate.mapping.Table(t_user), mappingColumn=create_time, insertable=true, updatable=true, unique=false}
2019-06-29 11:34:22,010 DEBUG PropertyBinder:175 -MetadataSourceProcessor property createTime with lazy=false
2019-06-29 11:34:22,010 DEBUG AbstractPropertyHolder:95 -Attempting to locate auto-apply AttributeConverter for property [com.chan.model.dto.UserDto:createTime]
2019-06-29 11:34:22,010 DEBUG SimpleValueBinder:411 -building SimpleValue for createTime
2019-06-29 11:34:22,010 DEBUG PropertyBinder:266 -Building property createTime
2019-06-29 11:34:22,010 DEBUG Ejb3Column:213 -Binding column: Ejb3Column{table=org.hibernate.mapping.Table(t_user), mappingColumn=name, insertable=true, updatable=true, unique=false}
2019-06-29 11:34:22,011 DEBUG PropertyBinder:175 -MetadataSourceProcessor property name with lazy=false
2019-06-29 11:34:22,011 DEBUG AbstractPropertyHolder:95 -Attempting to locate auto-apply AttributeConverter for property [com.chan.model.dto.UserDto:name]
2019-06-29 11:34:22,011 DEBUG SimpleValueBinder:411 -building SimpleValue for name
2019-06-29 11:34:22,011 DEBUG PropertyBinder:266 -Building property name
2019-06-29 11:34:22,011 DEBUG Ejb3Column:213 -Binding column: Ejb3Column{table=org.hibernate.mapping.Table(t_user), mappingColumn=sex, insertable=true, updatable=true, unique=false}
2019-06-29 11:34:22,011 DEBUG PropertyBinder:175 -MetadataSourceProcessor property sex with lazy=false
2019-06-29 11:34:22,011 DEBUG AbstractPropertyHolder:95 -Attempting to locate auto-apply AttributeConverter for property [com.chan.model.dto.UserDto:sex]
2019-06-29 11:34:22,012 DEBUG SimpleValueBinder:411 -building SimpleValue for sex
2019-06-29 11:34:22,012 DEBUG PropertyBinder:266 -Building property sex
2019-06-29 11:34:22,012 DEBUG Ejb3Column:213 -Binding column: Ejb3Column{table=org.hibernate.mapping.Table(t_user), mappingColumn=update_time, insertable=true, updatable=true, unique=false}
2019-06-29 11:34:22,012 DEBUG PropertyBinder:175 -MetadataSourceProcessor property updateTime with lazy=false
2019-06-29 11:34:22,012 DEBUG AbstractPropertyHolder:95 -Attempting to locate auto-apply AttributeConverter for property [com.chan.model.dto.UserDto:updateTime]
2019-06-29 11:34:22,012 DEBUG SimpleValueBinder:411 -building SimpleValue for updateTime
2019-06-29 11:34:22,013 DEBUG PropertyBinder:266 -Building property updateTime
2019-06-29 11:34:22,014 DEBUG SimpleValueBinder:456 -Starting fillSimpleValue for id
2019-06-29 11:34:22,015 DEBUG SimpleValueBinder:456 -Starting fillSimpleValue for age
2019-06-29 11:34:22,016 DEBUG SimpleValueBinder:456 -Starting fillSimpleValue for createTime
2019-06-29 11:34:22,016 DEBUG SimpleValueBinder:456 -Starting fillSimpleValue for name
2019-06-29 11:34:22,016 DEBUG SimpleValueBinder:456 -Starting fillSimpleValue for sex
2019-06-29 11:34:22,016 DEBUG SimpleValueBinder:456 -Starting fillSimpleValue for updateTime
2019-06-29 11:34:22,018 DEBUG PrimaryKey:35 -Forcing column [id] to be non-null as it is part of the primary key for table [t_user]
2019-06-29 11:34:22,076 DEBUG ClassLoaderAccessImpl:55 -Not known whether passed class name [com.chan.model.dto.UserDto] is safe
2019-06-29 11:34:22,076 DEBUG ClassLoaderAccessImpl:57 -No temp ClassLoader provided; using live ClassLoader for loading potentially unsafe class : com.chan.model.dto.UserDto
2019-06-29 11:34:22,190 DEBUG SessionFactoryImpl:199 -Building session factory
2019-06-29 11:34:22,193 DEBUG Settings:69 -SessionFactory name : null
2019-06-29 11:34:22,194 DEBUG Settings:70 -Automatic flush during beforeCompletion(): enabled
2019-06-29 11:34:22,194 DEBUG Settings:71 -Automatic session close at end of transaction: disabled
2019-06-29 11:34:22,194 DEBUG Settings:73 -Statistics: disabled
2019-06-29 11:34:22,195 DEBUG Settings:75 -Deleted entity synthetic identifier rollback: disabled
2019-06-29 11:34:22,195 DEBUG Settings:76 -Default entity-mode: pojo
2019-06-29 11:34:22,195 DEBUG Settings:77 -Check Nullability in Core (should be disabled when Bean Validation is on): enabled
2019-06-29 11:34:22,195 DEBUG Settings:78 -Allow initialization of lazy state outside session : disabled
2019-06-29 11:34:22,195 DEBUG Settings:80 -Using BatchFetchStyle : LEGACY
2019-06-29 11:34:22,196 DEBUG Settings:81 -Default batch fetch size: -1
2019-06-29 11:34:22,196 DEBUG Settings:82 -Maximum outer join fetch depth: 2
2019-06-29 11:34:22,196 DEBUG Settings:83 -Default null ordering: NONE
2019-06-29 11:34:22,196 DEBUG Settings:84 -Order SQL updates by primary key: disabled
2019-06-29 11:34:22,196 DEBUG Settings:85 -Order SQL inserts for batching: disabled
2019-06-29 11:34:22,197 DEBUG Settings:87 -multi-tenancy strategy : NONE
2019-06-29 11:34:22,197 DEBUG Settings:89 -JTA Track by Thread: enabled
2019-06-29 11:34:22,197 DEBUG Settings:91 -Query language substitutions: {}
2019-06-29 11:34:22,197 DEBUG Settings:92 -JPA query language strict compliance: disabled
2019-06-29 11:34:22,197 DEBUG Settings:93 -Named query checking : enabled
2019-06-29 11:34:22,197 DEBUG Settings:95 -Second-level cache: disabled
2019-06-29 11:34:22,198 DEBUG Settings:96 -Second-level query cache: disabled
2019-06-29 11:34:22,198 DEBUG Settings:97 -Second-level query cache factory: null
2019-06-29 11:34:22,198 DEBUG Settings:98 -Second-level cache region prefix: null
2019-06-29 11:34:22,198 DEBUG Settings:99 -Optimize second-level cache for minimal puts: disabled
2019-06-29 11:34:22,198 DEBUG Settings:100 -Structured second-level cache entries: disabled
2019-06-29 11:34:22,199 DEBUG Settings:101 -Second-level cache direct-reference entries: disabled
2019-06-29 11:34:22,199 DEBUG Settings:102 -Automatic eviction of collection cache: disabled
2019-06-29 11:34:22,199 DEBUG Settings:104 -JDBC batch size: 15
2019-06-29 11:34:22,199 DEBUG Settings:105 -JDBC batch updates for versioned data: enabled
2019-06-29 11:34:22,199 DEBUG Settings:106 -Scrollable result sets: enabled
2019-06-29 11:34:22,199 DEBUG Settings:107 -Wrap result sets: disabled
2019-06-29 11:34:22,200 DEBUG Settings:108 -JDBC3 getGeneratedKeys(): enabled
2019-06-29 11:34:22,201 DEBUG Settings:109 -JDBC result set fetch size: null
2019-06-29 11:34:22,201 DEBUG Settings:110 -Connection release mode: ON_CLOSE
2019-06-29 11:34:22,201 DEBUG Settings:111 -Generate SQL with comments: disabled
2019-06-29 11:34:22,285 DEBUG SessionFactoryImpl:257 -Session factory constructed with filter configurations : {}
2019-06-29 11:34:22,285 DEBUG SessionFactoryImpl:258 -Instantiating session factory with properties: {sun.desktop=windows, awt.toolkit=sun.awt.windows.WToolkit, hibernate.id.new_generator_mappings=true, file.encoding.pkg=sun.io, java.specification.version=1.8, sun.cpu.isalist=amd64, hibernate.connection.handling_mode=DELAYED_ACQUISITION_AND_HOLD, sun.jnu.encoding=GBK, hibernate.dialect=org.hibernate.dialect.MySQL5Dialect, hibernate.implicit_naming_strategy=org.springframework.boot.orm.jpa.hibernate.SpringImplicitNamingStrategy, java.class.path=C:\Program Files\Java\jdk1.8.0_144\jre\lib\charsets.jar;C:\Program Files\Java\jdk1.8.0_144\jre\lib\deploy.jar;C:\Program Files\Java\jdk1.8.0_144\jre\lib\ext\access-bridge-64.jar;C:\Program Files\Java\jdk1.8.0_144\jre\lib\ext\cldrdata.jar;C:\Program Files\Java\jdk1.8.0_144\jre\lib\ext\dnsns.jar;C:\Program Files\Java\jdk1.8.0_144\jre\lib\ext\jaccess.jar;C:\Program Files\Java\jdk1.8.0_144\jre\lib\ext\jfxrt.jar;C:\Program Files\Java\jdk1.8.0_144\jre\lib\ext\localedata.jar;C:\Program Files\Java\jdk1.8.0_144\jre\lib\ext\nashorn.jar;C:\Program Files\Java\jdk1.8.0_144\jre\lib\ext\sunec.jar;C:\Program Files\Java\jdk1.8.0_144\jre\lib\ext\sunjce_provider.jar;C:\Program Files\Java\jdk1.8.0_144\jre\lib\ext\sunmscapi.jar;C:\Program Files\Java\jdk1.8.0_144\jre\lib\ext\sunpkcs11.jar;C:\Program Files\Java\jdk1.8.0_144\jre\lib\ext\zipfs.jar;C:\Program Files\Java\jdk1.8.0_144\jre\lib\javaws.jar;C:\Program Files\Java\jdk1.8.0_144\jre\lib\jce.jar;C:\Program Files\Java\jdk1.8.0_144\jre\lib\jfr.jar;C:\Program Files\Java\jdk1.8.0_144\jre\lib\jfxswt.jar;C:\Program Files\Java\jdk1.8.0_144\jre\lib\jsse.jar;C:\Program Files\Java\jdk1.8.0_144\jre\lib\management-agent.jar;C:\Program Files\Java\jdk1.8.0_144\jre\lib\plugin.jar;C:\Program Files\Java\jdk1.8.0_144\jre\lib\resources.jar;C:\Program Files\Java\jdk1.8.0_144\jre\lib\rt.jar;C:\work\test\jpa-test\target\classes;C:\Users\FJN\.m2\repository\org\springframework\boot\spring-boot-starter-web\2.0.5.RELEASE\spring-boot-starter-web-2.0.5.RELEASE.jar;C:\Users\FJN\.m2\repository\org\springframework\boot\spring-boot-starter\2.0.5.RELEASE\spring-boot-starter-2.0.5.RELEASE.jar;C:\Users\FJN\.m2\repository\org\springframework\boot\spring-boot\2.0.5.RELEASE\spring-boot-2.0.5.RELEASE.jar;C:\Users\FJN\.m2\repository\org\springframework\boot\spring-boot-autoconfigure\2.0.5.RELEASE\spring-boot-autoconfigure-2.0.5.RELEASE.jar;C:\Users\FJN\.m2\repository\javax\annotation\javax.annotation-api\1.3.2\javax.annotation-api-1.3.2.jar;C:\Users\FJN\.m2\repository\org\yaml\snakeyaml\1.19\snakeyaml-1.19.jar;C:\Users\FJN\.m2\repository\org\springframework\boot\spring-boot-starter-json\2.0.5.RELEASE\spring-boot-starter-json-2.0.5.RELEASE.jar;C:\Users\FJN\.m2\repository\com\fasterxml\jackson\core\jackson-databind\2.9.6\jackson-databind-2.9.6.jar;C:\Users\FJN\.m2\repository\com\fasterxml\jackson\core\jackson-annotations\2.9.0\jackson-annotations-2.9.0.jar;C:\Users\FJN\.m2\repository\com\fasterxml\jackson\core\jackson-core\2.9.6\jackson-core-2.9.6.jar;C:\Users\FJN\.m2\repository\com\fasterxml\jackson\datatype\jackson-datatype-jdk8\2.9.6\jackson-datatype-jdk8-2.9.6.jar;C:\Users\FJN\.m2\repository\com\fasterxml\jackson\datatype\jackson-datatype-jsr310\2.9.6\jackson-datatype-jsr310-2.9.6.jar;C:\Users\FJN\.m2\repository\com\fasterxml\jackson\module\jackson-module-parameter-names\2.9.6\jackson-module-parameter-names-2.9.6.jar;C:\Users\FJN\.m2\repository\org\springframework\boot\spring-boot-starter-tomcat\2.0.5.RELEASE\spring-boot-starter-tomcat-2.0.5.RELEASE.jar;C:\Users\FJN\.m2\repository\org\apache\tomcat\embed\tomcat-embed-core\8.5.34\tomcat-embed-core-8.5.34.jar;C:\Users\FJN\.m2\repository\org\apache\tomcat\embed\tomcat-embed-el\8.5.34\tomcat-embed-el-8.5.34.jar;C:\Users\FJN\.m2\repository\org\apache\tomcat\embed\tomcat-embed-websocket\8.5.34\tomcat-embed-websocket-8.5.34.jar;C:\Users\FJN\.m2\repository\org\hibernate\validator\hibernate-validator\6.0.12.Final\hibernate-validator-6.0.12.Final.jar;C:\Users\FJN\.m2\repository\javax\validation\validation-api\2.0.1.Final\validation-api-2.0.1.Final.jar;C:\Users\FJN\.m2\repository\org\jboss\logging\jboss-logging\3.3.2.Final\jboss-logging-3.3.2.Final.jar;C:\Users\FJN\.m2\repository\com\fasterxml\classmate\1.3.4\classmate-1.3.4.jar;C:\Users\FJN\.m2\repository\org\springframework\spring-web\5.0.9.RELEASE\spring-web-5.0.9.RELEASE.jar;C:\Users\FJN\.m2\repository\org\springframework\spring-beans\5.0.9.RELEASE\spring-beans-5.0.9.RELEASE.jar;C:\Users\FJN\.m2\repository\org\springframework\spring-webmvc\5.0.9.RELEASE\spring-webmvc-5.0.9.RELEASE.jar;C:\Users\FJN\.m2\repository\org\springframework\spring-aop\5.0.9.RELEASE\spring-aop-5.0.9.RELEASE.jar;C:\Users\FJN\.m2\repository\org\springframework\spring-context\5.0.9.RELEASE\spring-context-5.0.9.RELEASE.jar;C:\Users\FJN\.m2\repository\org\springframework\spring-expression\5.0.9.RELEASE\spring-expression-5.0.9.RELEASE.jar;C:\Users\FJN\.m2\repository\org\springframework\boot\spring-boot-starter-log4j2\2.0.5.RELEASE\spring-boot-starter-log4j2-2.0.5.RELEASE.jar;C:\Users\FJN\.m2\repository\org\apache\logging\log4j\log4j-slf4j-impl\2.10.0\log4j-slf4j-impl-2.10.0.jar;C:\Users\FJN\.m2\repository\org\slf4j\slf4j-api\1.7.25\slf4j-api-1.7.25.jar;C:\Users\FJN\.m2\repository\org\apache\logging\log4j\log4j-api\2.10.0\log4j-api-2.10.0.jar;C:\Users\FJN\.m2\repository\org\apache\logging\log4j\log4j-core\2.10.0\log4j-core-2.10.0.jar;C:\Users\FJN\.m2\repository\org\apache\logging\log4j\log4j-jul\2.10.0\log4j-jul-2.10.0.jar;C:\Users\FJN\.m2\repository\org\slf4j\jul-to-slf4j\1.7.25\jul-to-slf4j-1.7.25.jar;C:\Users\FJN\.m2\repository\mysql\mysql-connector-java\6.0.6\mysql-connector-java-6.0.6.jar;C:\Users\FJN\.m2\repository\org\springframework\boot\spring-boot-starter-data-jpa\2.0.5.RELEASE\spring-boot-starter-data-jpa-2.0.5.RELEASE.jar;C:\Users\FJN\.m2\repository\org\springframework\boot\spring-boot-starter-aop\2.0.5.RELEASE\spring-boot-starter-aop-2.0.5.RELEASE.jar;C:\Users\FJN\.m2\repository\org\aspectj\aspectjweaver\1.8.13\aspectjweaver-1.8.13.jar;C:\Users\FJN\.m2\repository\org\springframework\boot\spring-boot-starter-jdbc\2.0.5.RELEASE\spring-boot-starter-jdbc-2.0.5.RELEASE.jar;C:\Users\FJN\.m2\repository\com\zaxxer\HikariCP\2.7.9\HikariCP-2.7.9.jar;C:\Users\FJN\.m2\repository\org\springframework\spring-jdbc\5.0.9.RELEASE\spring-jdbc-5.0.9.RELEASE.jar;C:\Users\FJN\.m2\repository\javax\transaction\javax.transaction-api\1.2\javax.transaction-api-1.2.jar;C:\Users\FJN\.m2\repository\org\hibernate\hibernate-core\5.2.17.Final\hibernate-core-5.2.17.Final.jar;C:\Users\FJN\.m2\repository\org\hibernate\javax\persistence\hibernate-jpa-2.1-api\1.0.2.Final\hibernate-jpa-2.1-api-1.0.2.Final.jar;C:\Users\FJN\.m2\repository\org\javassist\javassist\3.22.0-GA\javassist-3.22.0-GA.jar;C:\Users\FJN\.m2\repository\antlr\antlr\2.7.7\antlr-2.7.7.jar;C:\Users\FJN\.m2\repository\org\jboss\jandex\2.0.3.Final\jandex-2.0.3.Final.jar;C:\Users\FJN\.m2\repository\dom4j\dom4j\1.6.1\dom4j-1.6.1.jar;C:\Users\FJN\.m2\repository\org\hibernate\common\hibernate-commons-annotations\5.0.1.Final\hibernate-commons-annotations-5.0.1.Final.jar;C:\Users\FJN\.m2\repository\org\springframework\data\spring-data-jpa\2.0.10.RELEASE\spring-data-jpa-2.0.10.RELEASE.jar;C:\Users\FJN\.m2\repository\org\springframework\data\spring-data-commons\2.0.10.RELEASE\spring-data-commons-2.0.10.RELEASE.jar;C:\Users\FJN\.m2\repository\org\springframework\spring-orm\5.0.9.RELEASE\spring-orm-5.0.9.RELEASE.jar;C:\Users\FJN\.m2\repository\org\springframework\spring-tx\5.0.9.RELEASE\spring-tx-5.0.9.RELEASE.jar;C:\Users\FJN\.m2\repository\org\springframework\spring-aspects\5.0.9.RELEASE\spring-aspects-5.0.9.RELEASE.jar;C:\Users\FJN\.m2\repository\org\mybatis\spring\boot\mybatis-spring-boot-starter\1.3.2\mybatis-spring-boot-starter-1.3.2.jar;C:\Users\FJN\.m2\repository\org\mybatis\spring\boot\mybatis-spring-boot-autoconfigure\1.3.2\mybatis-spring-boot-autoconfigure-1.3.2.jar;C:\Users\FJN\.m2\repository\org\mybatis\mybatis\3.4.6\mybatis-3.4.6.jar;C:\Users\FJN\.m2\repository\org\mybatis\mybatis-spring\1.3.2\mybatis-spring-1.3.2.jar;C:\Users\FJN\.m2\repository\org\projectlombok\lombok\1.16.22\lombok-1.16.22.jar;C:\Users\FJN\.m2\repository\org\springframework\spring-core\5.0.9.RELEASE\spring-core-5.0.9.RELEASE.jar;C:\Users\FJN\.m2\repository\org\springframework\spring-jcl\5.0.9.RELEASE\spring-jcl-5.0.9.RELEASE.jar;C:\Program Files\JetBrains\IntelliJ IDEA 2019.1.3\lib\idea_rt.jar, java.vm.vendor=Oracle Corporation, sun.arch.data.model=64, user.variant=, catalina.useNaming=false, java.vendor.url=http://java.oracle.com/, user.timezone=Asia/Shanghai, os.name=Windows 10, java.vm.specification.version=1.8, javax.persistence.validation.mode=AUTO, sun.java.launcher=SUN_STANDARD, user.country=CN, sun.boot.library.path=C:\Program Files\Java\jdk1.8.0_144\jre\bin, spring.application.admin.enabled=true, sun.java.command=com.chan.JpaTestApplication, hibernate.transaction.jta.platform=org.hibernate.engine.transaction.jta.platform.internal.NoJtaPlatform@794f9f05, com.sun.management.jmxremote=, javax.persistence.sharedCache.mode=UNSPECIFIED, spring.liveBeansView.mbeanDomain=, sun.cpu.endian=little, user.home=C:\Users\FJN, user.language=zh, java.specification.vendor=Oracle Corporation, java.home=C:\Program Files\Java\jdk1.8.0_144\jre, rebel.env.ide.version=2019.1.3, spring.output.ansi.enabled=always, file.separator=\, line.separator=
, java.vm.specification.vendor=Oracle Corporation, java.specification.name=Java Platform API Specification, hibernate.transaction.coordinator_class=class org.hibernate.resource.transaction.backend.jdbc.internal.JdbcResourceLocalTransactionCoordinatorBuilderImpl, java.awt.graphicsenv=sun.awt.Win32GraphicsEnvironment, java.awt.headless=true, sun.boot.class.path=C:\Program Files\Java\jdk1.8.0_144\jre\lib\resources.jar;C:\Program Files\Java\jdk1.8.0_144\jre\lib\rt.jar;C:\Program Files\Java\jdk1.8.0_144\jre\lib\sunrsasign.jar;C:\Program Files\Java\jdk1.8.0_144\jre\lib\jsse.jar;C:\Program Files\Java\jdk1.8.0_144\jre\lib\jce.jar;C:\Program Files\Java\jdk1.8.0_144\jre\lib\charsets.jar;C:\Program Files\Java\jdk1.8.0_144\jre\lib\jfr.jar;C:\Program Files\Java\jdk1.8.0_144\jre\classes;C:\Users\FJN\.IntelliJIdea2019.1\config\plugins\jr-ide-idea\lib\jrebel6\jrebel.jar, user.script=, rebel.notification.url=http://localhost:64973, sun.management.compiler=HotSpot 64-Bit Tiered Compilers, java.runtime.version=1.8.0_144-b01, user.name=FJN, spring.jmx.enabled=true, path.separator=;, os.version=10.0, rebel.env.ide.plugin.version=2019.1.3, java.endorsed.dirs=C:\Program Files\Java\jdk1.8.0_144\jre\lib\endorsed, java.runtime.name=Java(TM) SE Runtime Environment, rebel.native.image=C:\Users\FJN\.IntelliJIdea2019.1\config\plugins\jr-ide-idea\lib\jrebel6\lib\jrebel64.dll, hibernate.ejb.persistenceUnitName=default, file.encoding=UTF-8, spring.beaninfo.ignore=true, rebel.env.ide=intellij, java.vm.name=Java HotSpot(TM) 64-Bit Server VM, java.vendor.url.bug=http://bugreport.sun.com/bugreport/, java.io.tmpdir=C:\Users\FJN\AppData\Local\Temp\, com.zaxxer.hikari.pool_number=1, catalina.home=C:\Users\FJN\AppData\Local\Temp\tomcat.8070327147702735832.8090, java.version=1.8.0_144, hibernate.physical_naming_strategy=org.springframework.boot.orm.jpa.hibernate.SpringPhysicalNamingStrategy, user.dir=C:\work\test\jpa-test, os.arch=amd64, PID=6824, java.vm.specification.name=Java Virtual Machine Specification, java.awt.printerjob=sun.awt.windows.WPrinterJob, sun.os.patch.level=, catalina.base=C:\Users\FJN\AppData\Local\Temp\tomcat.8070327147702735832.8090, hibernate.boot.CfgXmlAccessService.key=org.hibernate.boot.cfgxml.spi.LoadedConfig@52bcc98c, java.library.path=C:\Program Files\Java\jdk1.8.0_144\bin;C:\Windows\Sun\Java\bin;C:\Windows\system32;C:\Windows;C:\ProgramData\Oracle\Java\javapath;C:\Windows\system32;C:\Windows;C:\Windows\System32\Wbem;C:\Windows\System32\WindowsPowerShell\v1.0\;C:\Windows\System32\OpenSSH\;C:\Program Files (x86)\Intel\Intel(R) Management Engine Components\DAL;C:\Program Files\Intel\Intel(R) Management Engine Components\DAL;C:\work\tool\apache-maven-3.6.1\bin\;C:\Program Files\TortoiseSVN\bin;C:\Program Files\Git\cmd;C:\Program Files\SlikSvn\bin;C:\Program Files\TortoiseGit\bin;C:\Users\FJN\AppData\Local\Microsoft\WindowsApps;;C:\Program Files\JetBrains\IntelliJ IDEA 2019.1.3\bin;;., java.vendor=Oracle Corporation, java.vm.info=mixed mode, java.vm.version=25.144-b01, hibernate.bytecode.use_reflection_optimizer=false, java.rmi.server.randomIDs=true, rebel.base=C:\Users\FJN\.jrebel, hibernate.connection.datasource=HikariDataSource (HikariPool-1), sun.io.unicode.encoding=UnicodeLittle, java.ext.dirs=C:\Program Files\Java\jdk1.8.0_144\jre\lib\ext;C:\Windows\Sun\Java\lib\ext, java.class.version=52.0, rebel.env.ide.product=IU}
2019-06-29 11:34:22,325 DEBUG TraversableResolvers:93 -Found javax.persistence.Persistence on classpath containing 'getPersistenceUtil'. Assuming JPA 2 environment. Trying to instantiate JPA aware TraversableResolver
2019-06-29 11:34:22,326 DEBUG TraversableResolvers:103 -Instantiated JPA aware TraversableResolver of type org.hibernate.validator.internal.engine.resolver.JPATraversableResolver.
2019-06-29 11:34:22,326 DEBUG ValidationXmlParser:120 -Trying to load META-INF/validation.xml for XML based Validator configuration.
2019-06-29 11:34:22,326 DEBUG ResourceLoaderHelper:60 -Trying to load META-INF/validation.xml via TCCL
2019-06-29 11:34:22,326 DEBUG ResourceLoaderHelper:66 -Trying to load META-INF/validation.xml via Hibernate Validator's class loader
2019-06-29 11:34:22,327 DEBUG ValidationXmlParser:127 -No META-INF/validation.xml found. Using annotation based configuration only.
2019-06-29 11:34:22,330 DEBUG ResourceBundleMessageInterpolator:89 -Loaded expression factory via original TCCL
2019-06-29 11:34:22,330 DEBUG ValidatorFactoryImpl:578 -HV000234: Using org.hibernate.validator.messageinterpolation.ResourceBundleMessageInterpolator as ValidatorFactory-scoped message interpolator.
2019-06-29 11:34:22,331 DEBUG ValidatorFactoryImpl:579 -HV000234: Using org.hibernate.validator.internal.engine.resolver.JPATraversableResolver as ValidatorFactory-scoped traversable resolver.
2019-06-29 11:34:22,331 DEBUG ValidatorFactoryImpl:580 -HV000234: Using org.hibernate.validator.internal.util.ExecutableParameterNameProvider as ValidatorFactory-scoped parameter name provider.
2019-06-29 11:34:22,331 DEBUG ValidatorFactoryImpl:581 -HV000234: Using org.hibernate.validator.internal.engine.DefaultClockProvider as ValidatorFactory-scoped clock provider.
2019-06-29 11:34:22,331 DEBUG ValidatorFactoryImpl:582 -HV000234: Using org.hibernate.validator.internal.engine.scripting.DefaultScriptEvaluatorFactory as ValidatorFactory-scoped script evaluator factory.
2019-06-29 11:34:22,333 DEBUG ClassLoaderAccessImpl:55 -Not known whether passed class name [com.chan.model.dto.UserDto] is safe
2019-06-29 11:34:22,333 DEBUG ClassLoaderAccessImpl:57 -No temp ClassLoader provided; using live ClassLoader for loading potentially unsafe class : com.chan.model.dto.UserDto
2019-06-29 11:34:22,408 DEBUG JaccIntegrator:80 -Skipping JACC integration as it was not enabled
2019-06-29 11:34:22,443 DEBUG CascadeStyles:268 -External cascade style registration [persist : STYLE_PERSIST_SKIPLAZY] overrode base registration [STYLE_PERSIST]
2019-06-29 11:34:22,474 DEBUG SessionFactoryImpl:297 -Instantiated session factory
2019-06-29 11:34:22,622 DEBUG ClassLoaderAccessImpl:55 -Not known whether passed class name [com.chan.model.dto.UserDto] is safe
2019-06-29 11:34:22,623 DEBUG ClassLoaderAccessImpl:57 -No temp ClassLoader provided; using live ClassLoader for loading potentially unsafe class : com.chan.model.dto.UserDto
2019-06-29 11:34:22,700 DEBUG AbstractEntityPersister:3642 -Static SQL for entity: com.chan.model.dto.UserDto
2019-06-29 11:34:22,700 DEBUG AbstractEntityPersister:3647 - Version select: select id from t_user where id =?
2019-06-29 11:34:22,700 DEBUG AbstractEntityPersister:3650 - Snapshot select: select userdto_.id, userdto_.age as age2_0_, userdto_.create_time as create_t3_0_, userdto_.name as name4_0_, userdto_.sex as sex5_0_, userdto_.update_time as update_t6_0_ from t_user userdto_ where userdto_.id=?
2019-06-29 11:34:22,700 DEBUG AbstractEntityPersister:394 - Insert 0: insert into t_user (age, create_time, name, sex, update_time, id) values (?, ?, ?, ?, ?, ?)
2019-06-29 11:34:22,700 DEBUG AbstractEntityPersister:394 - Update 0: update t_user set age=?, create_time=?, name=?, sex=?, update_time=? where id=?
2019-06-29 11:34:22,700 DEBUG AbstractEntityPersister:394 - Delete 0: delete from t_user where id=?
2019-06-29 11:34:22,742 DEBUG QuerySpacesImpl:174 -Adding QuerySpace : uid = <gen:0> -> org.hibernate.loader.plan.build.internal.spaces.EntityQuerySpaceImpl@5796415c]
2019-06-29 11:34:22,745 DEBUG MetamodelGraphWalker:139 -Visiting attribute path : age
2019-06-29 11:34:22,745 DEBUG MetamodelGraphWalker:139 -Visiting attribute path : createTime
2019-06-29 11:34:22,746 DEBUG MetamodelGraphWalker:139 -Visiting attribute path : name
2019-06-29 11:34:22,746 DEBUG MetamodelGraphWalker:139 -Visiting attribute path : sex
2019-06-29 11:34:22,746 DEBUG MetamodelGraphWalker:139 -Visiting attribute path : updateTime
2019-06-29 11:34:22,746 DEBUG FetchStyleLoadPlanBuildingAssociationVisitationStrategy:150 -Building LoadPlan...
2019-06-29 11:34:22,769 DEBUG LoadQueryJoinAndFetchProcessor:102 -processing queryspace <gen:0>
2019-06-29 11:34:22,778 DEBUG LoadPlanTreePrinter:55 -LoadPlan(entity=com.chan.model.dto.UserDto)
    - Returns
       - EntityReturnImpl(entity=com.chan.model.dto.UserDto, querySpaceUid=<gen:0>, path=com.chan.model.dto.UserDto)
    - QuerySpaces
       - EntityQuerySpaceImpl(uid=<gen:0>, entity=com.chan.model.dto.UserDto)
          - SQL table alias mapping - userdto0_
          - alias suffix - 0_
          - suffixed key columns - {id1_0_0_}

2019-06-29 11:34:22,782 DEBUG EntityLoader:115 -Static select for entity com.chan.model.dto.UserDto [NONE]: select userdto0_.id as id1_0_0_, userdto0_.age as age2_0_0_, userdto0_.create_time as create_t3_0_0_, userdto0_.name as name4_0_0_, userdto0_.sex as sex5_0_0_, userdto0_.update_time as update_t6_0_0_ from t_user userdto0_ where userdto0_.id=?
2019-06-29 11:34:22,782 DEBUG QuerySpacesImpl:174 -Adding QuerySpace : uid = <gen:0> -> org.hibernate.loader.plan.build.internal.spaces.EntityQuerySpaceImpl@128e44a7]
2019-06-29 11:34:22,783 DEBUG MetamodelGraphWalker:139 -Visiting attribute path : age
2019-06-29 11:34:22,783 DEBUG MetamodelGraphWalker:139 -Visiting attribute path : createTime
2019-06-29 11:34:22,783 DEBUG MetamodelGraphWalker:139 -Visiting attribute path : name
2019-06-29 11:34:22,784 DEBUG MetamodelGraphWalker:139 -Visiting attribute path : sex
2019-06-29 11:34:22,784 DEBUG MetamodelGraphWalker:139 -Visiting attribute path : updateTime
2019-06-29 11:34:22,784 DEBUG FetchStyleLoadPlanBuildingAssociationVisitationStrategy:150 -Building LoadPlan...
2019-06-29 11:34:22,784 DEBUG LoadQueryJoinAndFetchProcessor:102 -processing queryspace <gen:0>
2019-06-29 11:34:22,785 DEBUG LoadPlanTreePrinter:55 -LoadPlan(entity=com.chan.model.dto.UserDto)
    - Returns
       - EntityReturnImpl(entity=com.chan.model.dto.UserDto, querySpaceUid=<gen:0>, path=com.chan.model.dto.UserDto)
    - QuerySpaces
       - EntityQuerySpaceImpl(uid=<gen:0>, entity=com.chan.model.dto.UserDto)
          - SQL table alias mapping - userdto0_
          - alias suffix - 0_
          - suffixed key columns - {id1_0_0_}

2019-06-29 11:34:22,785 DEBUG EntityLoader:115 -Static select for entity com.chan.model.dto.UserDto [READ]: select userdto0_.id as id1_0_0_, userdto0_.age as age2_0_0_, userdto0_.create_time as create_t3_0_0_, userdto0_.name as name4_0_0_, userdto0_.sex as sex5_0_0_, userdto0_.update_time as update_t6_0_0_ from t_user userdto0_ where userdto0_.id=?
2019-06-29 11:34:22,785 DEBUG QuerySpacesImpl:174 -Adding QuerySpace : uid = <gen:0> -> org.hibernate.loader.plan.build.internal.spaces.EntityQuerySpaceImpl@1c2c3bc9]
2019-06-29 11:34:22,785 DEBUG MetamodelGraphWalker:139 -Visiting attribute path : age
2019-06-29 11:34:22,786 DEBUG MetamodelGraphWalker:139 -Visiting attribute path : createTime
2019-06-29 11:34:22,786 DEBUG MetamodelGraphWalker:139 -Visiting attribute path : name
2019-06-29 11:34:22,786 DEBUG MetamodelGraphWalker:139 -Visiting attribute path : sex
2019-06-29 11:34:22,786 DEBUG MetamodelGraphWalker:139 -Visiting attribute path : updateTime
2019-06-29 11:34:22,787 DEBUG FetchStyleLoadPlanBuildingAssociationVisitationStrategy:150 -Building LoadPlan...
2019-06-29 11:34:22,787 DEBUG LoadQueryJoinAndFetchProcessor:102 -processing queryspace <gen:0>
2019-06-29 11:34:22,788 DEBUG LoadPlanTreePrinter:55 -LoadPlan(entity=com.chan.model.dto.UserDto)
    - Returns
       - EntityReturnImpl(entity=com.chan.model.dto.UserDto, querySpaceUid=<gen:0>, path=com.chan.model.dto.UserDto)
    - QuerySpaces
       - EntityQuerySpaceImpl(uid=<gen:0>, entity=com.chan.model.dto.UserDto)
          - SQL table alias mapping - userdto0_
          - alias suffix - 0_
          - suffixed key columns - {id1_0_0_}

2019-06-29 11:34:22,788 DEBUG EntityLoader:115 -Static select for entity com.chan.model.dto.UserDto [UPGRADE]: select userdto0_.id as id1_0_0_, userdto0_.age as age2_0_0_, userdto0_.create_time as create_t3_0_0_, userdto0_.name as name4_0_0_, userdto0_.sex as sex5_0_0_, userdto0_.update_time as update_t6_0_0_ from t_user userdto0_ where userdto0_.id=? for update
2019-06-29 11:34:22,788 DEBUG QuerySpacesImpl:174 -Adding QuerySpace : uid = <gen:0> -> org.hibernate.loader.plan.build.internal.spaces.EntityQuerySpaceImpl@4e5ba7d4]
2019-06-29 11:34:22,788 DEBUG MetamodelGraphWalker:139 -Visiting attribute path : age
2019-06-29 11:34:22,789 DEBUG MetamodelGraphWalker:139 -Visiting attribute path : createTime
2019-06-29 11:34:22,789 DEBUG MetamodelGraphWalker:139 -Visiting attribute path : name
2019-06-29 11:34:22,789 DEBUG MetamodelGraphWalker:139 -Visiting attribute path : sex
2019-06-29 11:34:22,789 DEBUG MetamodelGraphWalker:139 -Visiting attribute path : updateTime
2019-06-29 11:34:22,789 DEBUG FetchStyleLoadPlanBuildingAssociationVisitationStrategy:150 -Building LoadPlan...
2019-06-29 11:34:22,790 DEBUG LoadQueryJoinAndFetchProcessor:102 -processing queryspace <gen:0>
2019-06-29 11:34:22,790 DEBUG LoadPlanTreePrinter:55 -LoadPlan(entity=com.chan.model.dto.UserDto)
    - Returns
       - EntityReturnImpl(entity=com.chan.model.dto.UserDto, querySpaceUid=<gen:0>, path=com.chan.model.dto.UserDto)
    - QuerySpaces
       - EntityQuerySpaceImpl(uid=<gen:0>, entity=com.chan.model.dto.UserDto)
          - SQL table alias mapping - userdto0_
          - alias suffix - 0_
          - suffixed key columns - {id1_0_0_}

2019-06-29 11:34:22,790 DEBUG EntityLoader:115 -Static select for entity com.chan.model.dto.UserDto [UPGRADE_NOWAIT]: select userdto0_.id as id1_0_0_, userdto0_.age as age2_0_0_, userdto0_.create_time as create_t3_0_0_, userdto0_.name as name4_0_0_, userdto0_.sex as sex5_0_0_, userdto0_.update_time as update_t6_0_0_ from t_user userdto0_ where userdto0_.id=? for update
2019-06-29 11:34:22,790 DEBUG QuerySpacesImpl:174 -Adding QuerySpace : uid = <gen:0> -> org.hibernate.loader.plan.build.internal.spaces.EntityQuerySpaceImpl@cb15388]
2019-06-29 11:34:22,791 DEBUG MetamodelGraphWalker:139 -Visiting attribute path : age
2019-06-29 11:34:22,791 DEBUG MetamodelGraphWalker:139 -Visiting attribute path : createTime
2019-06-29 11:34:22,791 DEBUG MetamodelGraphWalker:139 -Visiting attribute path : name
2019-06-29 11:34:22,791 DEBUG MetamodelGraphWalker:139 -Visiting attribute path : sex
2019-06-29 11:34:22,791 DEBUG MetamodelGraphWalker:139 -Visiting attribute path : updateTime
2019-06-29 11:34:22,792 DEBUG FetchStyleLoadPlanBuildingAssociationVisitationStrategy:150 -Building LoadPlan...
2019-06-29 11:34:22,792 DEBUG LoadQueryJoinAndFetchProcessor:102 -processing queryspace <gen:0>
2019-06-29 11:34:22,792 DEBUG LoadPlanTreePrinter:55 -LoadPlan(entity=com.chan.model.dto.UserDto)
    - Returns
       - EntityReturnImpl(entity=com.chan.model.dto.UserDto, querySpaceUid=<gen:0>, path=com.chan.model.dto.UserDto)
    - QuerySpaces
       - EntityQuerySpaceImpl(uid=<gen:0>, entity=com.chan.model.dto.UserDto)
          - SQL table alias mapping - userdto0_
          - alias suffix - 0_
          - suffixed key columns - {id1_0_0_}

2019-06-29 11:34:22,793 DEBUG EntityLoader:115 -Static select for entity com.chan.model.dto.UserDto [UPGRADE_SKIPLOCKED]: select userdto0_.id as id1_0_0_, userdto0_.age as age2_0_0_, userdto0_.create_time as create_t3_0_0_, userdto0_.name as name4_0_0_, userdto0_.sex as sex5_0_0_, userdto0_.update_time as update_t6_0_0_ from t_user userdto0_ where userdto0_.id=? for update
2019-06-29 11:34:22,793 DEBUG QuerySpacesImpl:174 -Adding QuerySpace : uid = <gen:0> -> org.hibernate.loader.plan.build.internal.spaces.EntityQuerySpaceImpl@325407b9]
2019-06-29 11:34:22,793 DEBUG MetamodelGraphWalker:139 -Visiting attribute path : age
2019-06-29 11:34:22,793 DEBUG MetamodelGraphWalker:139 -Visiting attribute path : createTime
2019-06-29 11:34:22,794 DEBUG MetamodelGraphWalker:139 -Visiting attribute path : name
2019-06-29 11:34:22,794 DEBUG MetamodelGraphWalker:139 -Visiting attribute path : sex
2019-06-29 11:34:22,794 DEBUG MetamodelGraphWalker:139 -Visiting attribute path : updateTime
2019-06-29 11:34:22,794 DEBUG FetchStyleLoadPlanBuildingAssociationVisitationStrategy:150 -Building LoadPlan...
2019-06-29 11:34:22,795 DEBUG LoadQueryJoinAndFetchProcessor:102 -processing queryspace <gen:0>
2019-06-29 11:34:22,795 DEBUG LoadPlanTreePrinter:55 -LoadPlan(entity=com.chan.model.dto.UserDto)
    - Returns
       - EntityReturnImpl(entity=com.chan.model.dto.UserDto, querySpaceUid=<gen:0>, path=com.chan.model.dto.UserDto)
    - QuerySpaces
       - EntityQuerySpaceImpl(uid=<gen:0>, entity=com.chan.model.dto.UserDto)
          - SQL table alias mapping - userdto0_
          - alias suffix - 0_
          - suffixed key columns - {id1_0_0_}

2019-06-29 11:34:22,795 DEBUG EntityLoader:115 -Static select for entity com.chan.model.dto.UserDto [FORCE]: select userdto0_.id as id1_0_0_, userdto0_.age as age2_0_0_, userdto0_.create_time as create_t3_0_0_, userdto0_.name as name4_0_0_, userdto0_.sex as sex5_0_0_, userdto0_.update_time as update_t6_0_0_ from t_user userdto0_ where userdto0_.id=? for update
2019-06-29 11:34:22,795 DEBUG QuerySpacesImpl:174 -Adding QuerySpace : uid = <gen:0> -> org.hibernate.loader.plan.build.internal.spaces.EntityQuerySpaceImpl@332603b8]
2019-06-29 11:34:22,796 DEBUG MetamodelGraphWalker:139 -Visiting attribute path : age
2019-06-29 11:34:22,796 DEBUG MetamodelGraphWalker:139 -Visiting attribute path : createTime
2019-06-29 11:34:22,796 DEBUG MetamodelGraphWalker:139 -Visiting attribute path : name
2019-06-29 11:34:22,796 DEBUG MetamodelGraphWalker:139 -Visiting attribute path : sex
2019-06-29 11:34:22,797 DEBUG MetamodelGraphWalker:139 -Visiting attribute path : updateTime
2019-06-29 11:34:22,797 DEBUG FetchStyleLoadPlanBuildingAssociationVisitationStrategy:150 -Building LoadPlan...
2019-06-29 11:34:22,797 DEBUG LoadQueryJoinAndFetchProcessor:102 -processing queryspace <gen:0>
2019-06-29 11:34:22,797 DEBUG LoadPlanTreePrinter:55 -LoadPlan(entity=com.chan.model.dto.UserDto)
    - Returns
       - EntityReturnImpl(entity=com.chan.model.dto.UserDto, querySpaceUid=<gen:0>, path=com.chan.model.dto.UserDto)
    - QuerySpaces
       - EntityQuerySpaceImpl(uid=<gen:0>, entity=com.chan.model.dto.UserDto)
          - SQL table alias mapping - userdto0_
          - alias suffix - 0_
          - suffixed key columns - {id1_0_0_}

2019-06-29 11:34:22,798 DEBUG EntityLoader:115 -Static select for entity com.chan.model.dto.UserDto [PESSIMISTIC_READ]: select userdto0_.id as id1_0_0_, userdto0_.age as age2_0_0_, userdto0_.create_time as create_t3_0_0_, userdto0_.name as name4_0_0_, userdto0_.sex as sex5_0_0_, userdto0_.update_time as update_t6_0_0_ from t_user userdto0_ where userdto0_.id=? lock in share mode
2019-06-29 11:34:22,798 DEBUG QuerySpacesImpl:174 -Adding QuerySpace : uid = <gen:0> -> org.hibernate.loader.plan.build.internal.spaces.EntityQuerySpaceImpl@13471ac2]
2019-06-29 11:34:22,798 DEBUG MetamodelGraphWalker:139 -Visiting attribute path : age
2019-06-29 11:34:22,798 DEBUG MetamodelGraphWalker:139 -Visiting attribute path : createTime
2019-06-29 11:34:22,798 DEBUG MetamodelGraphWalker:139 -Visiting attribute path : name
2019-06-29 11:34:22,798 DEBUG MetamodelGraphWalker:139 -Visiting attribute path : sex
2019-06-29 11:34:22,799 DEBUG MetamodelGraphWalker:139 -Visiting attribute path : updateTime
2019-06-29 11:34:22,799 DEBUG FetchStyleLoadPlanBuildingAssociationVisitationStrategy:150 -Building LoadPlan...
2019-06-29 11:34:22,799 DEBUG LoadQueryJoinAndFetchProcessor:102 -processing queryspace <gen:0>
2019-06-29 11:34:22,800 DEBUG LoadPlanTreePrinter:55 -LoadPlan(entity=com.chan.model.dto.UserDto)
    - Returns
       - EntityReturnImpl(entity=com.chan.model.dto.UserDto, querySpaceUid=<gen:0>, path=com.chan.model.dto.UserDto)
    - QuerySpaces
       - EntityQuerySpaceImpl(uid=<gen:0>, entity=com.chan.model.dto.UserDto)
          - SQL table alias mapping - userdto0_
          - alias suffix - 0_
          - suffixed key columns - {id1_0_0_}

2019-06-29 11:34:22,800 DEBUG EntityLoader:115 -Static select for entity com.chan.model.dto.UserDto [PESSIMISTIC_WRITE]: select userdto0_.id as id1_0_0_, userdto0_.age as age2_0_0_, userdto0_.create_time as create_t3_0_0_, userdto0_.name as name4_0_0_, userdto0_.sex as sex5_0_0_, userdto0_.update_time as update_t6_0_0_ from t_user userdto0_ where userdto0_.id=? for update
2019-06-29 11:34:22,800 DEBUG QuerySpacesImpl:174 -Adding QuerySpace : uid = <gen:0> -> org.hibernate.loader.plan.build.internal.spaces.EntityQuerySpaceImpl@4c729391]
2019-06-29 11:34:22,800 DEBUG MetamodelGraphWalker:139 -Visiting attribute path : age
2019-06-29 11:34:22,800 DEBUG MetamodelGraphWalker:139 -Visiting attribute path : createTime
2019-06-29 11:34:22,800 DEBUG MetamodelGraphWalker:139 -Visiting attribute path : name
2019-06-29 11:34:22,800 DEBUG MetamodelGraphWalker:139 -Visiting attribute path : sex
2019-06-29 11:34:22,801 DEBUG MetamodelGraphWalker:139 -Visiting attribute path : updateTime
2019-06-29 11:34:22,801 DEBUG FetchStyleLoadPlanBuildingAssociationVisitationStrategy:150 -Building LoadPlan...
2019-06-29 11:34:22,801 DEBUG LoadQueryJoinAndFetchProcessor:102 -processing queryspace <gen:0>
2019-06-29 11:34:22,801 DEBUG LoadPlanTreePrinter:55 -LoadPlan(entity=com.chan.model.dto.UserDto)
    - Returns
       - EntityReturnImpl(entity=com.chan.model.dto.UserDto, querySpaceUid=<gen:0>, path=com.chan.model.dto.UserDto)
    - QuerySpaces
       - EntityQuerySpaceImpl(uid=<gen:0>, entity=com.chan.model.dto.UserDto)
          - SQL table alias mapping - userdto0_
          - alias suffix - 0_
          - suffixed key columns - {id1_0_0_}

2019-06-29 11:34:22,801 DEBUG EntityLoader:115 -Static select for entity com.chan.model.dto.UserDto [PESSIMISTIC_FORCE_INCREMENT]: select userdto0_.id as id1_0_0_, userdto0_.age as age2_0_0_, userdto0_.create_time as create_t3_0_0_, userdto0_.name as name4_0_0_, userdto0_.sex as sex5_0_0_, userdto0_.update_time as update_t6_0_0_ from t_user userdto0_ where userdto0_.id=? for update
2019-06-29 11:34:22,802 DEBUG QuerySpacesImpl:174 -Adding QuerySpace : uid = <gen:0> -> org.hibernate.loader.plan.build.internal.spaces.EntityQuerySpaceImpl@3f4e869]
2019-06-29 11:34:22,802 DEBUG MetamodelGraphWalker:139 -Visiting attribute path : age
2019-06-29 11:34:22,802 DEBUG MetamodelGraphWalker:139 -Visiting attribute path : createTime
2019-06-29 11:34:22,802 DEBUG MetamodelGraphWalker:139 -Visiting attribute path : name
2019-06-29 11:34:22,802 DEBUG MetamodelGraphWalker:139 -Visiting attribute path : sex
2019-06-29 11:34:22,802 DEBUG MetamodelGraphWalker:139 -Visiting attribute path : updateTime
2019-06-29 11:34:22,802 DEBUG FetchStyleLoadPlanBuildingAssociationVisitationStrategy:150 -Building LoadPlan...
2019-06-29 11:34:22,803 DEBUG LoadQueryJoinAndFetchProcessor:102 -processing queryspace <gen:0>
2019-06-29 11:34:22,803 DEBUG LoadPlanTreePrinter:55 -LoadPlan(entity=com.chan.model.dto.UserDto)
    - Returns
       - EntityReturnImpl(entity=com.chan.model.dto.UserDto, querySpaceUid=<gen:0>, path=com.chan.model.dto.UserDto)
    - QuerySpaces
       - EntityQuerySpaceImpl(uid=<gen:0>, entity=com.chan.model.dto.UserDto)
          - SQL table alias mapping - userdto0_
          - alias suffix - 0_
          - suffixed key columns - {id1_0_0_}

2019-06-29 11:34:22,803 DEBUG EntityLoader:115 -Static select for entity com.chan.model.dto.UserDto [OPTIMISTIC]: select userdto0_.id as id1_0_0_, userdto0_.age as age2_0_0_, userdto0_.create_time as create_t3_0_0_, userdto0_.name as name4_0_0_, userdto0_.sex as sex5_0_0_, userdto0_.update_time as update_t6_0_0_ from t_user userdto0_ where userdto0_.id=?
2019-06-29 11:34:22,803 DEBUG QuerySpacesImpl:174 -Adding QuerySpace : uid = <gen:0> -> org.hibernate.loader.plan.build.internal.spaces.EntityQuerySpaceImpl@4704be82]
2019-06-29 11:34:22,803 DEBUG MetamodelGraphWalker:139 -Visiting attribute path : age
2019-06-29 11:34:22,804 DEBUG MetamodelGraphWalker:139 -Visiting attribute path : createTime
2019-06-29 11:34:22,804 DEBUG MetamodelGraphWalker:139 -Visiting attribute path : name
2019-06-29 11:34:22,804 DEBUG MetamodelGraphWalker:139 -Visiting attribute path : sex
2019-06-29 11:34:22,804 DEBUG MetamodelGraphWalker:139 -Visiting attribute path : updateTime
2019-06-29 11:34:22,804 DEBUG FetchStyleLoadPlanBuildingAssociationVisitationStrategy:150 -Building LoadPlan...
2019-06-29 11:34:22,804 DEBUG LoadQueryJoinAndFetchProcessor:102 -processing queryspace <gen:0>
2019-06-29 11:34:22,805 DEBUG LoadPlanTreePrinter:55 -LoadPlan(entity=com.chan.model.dto.UserDto)
    - Returns
       - EntityReturnImpl(entity=com.chan.model.dto.UserDto, querySpaceUid=<gen:0>, path=com.chan.model.dto.UserDto)
    - QuerySpaces
       - EntityQuerySpaceImpl(uid=<gen:0>, entity=com.chan.model.dto.UserDto)
          - SQL table alias mapping - userdto0_
          - alias suffix - 0_
          - suffixed key columns - {id1_0_0_}

2019-06-29 11:34:22,805 DEBUG EntityLoader:115 -Static select for entity com.chan.model.dto.UserDto [OPTIMISTIC_FORCE_INCREMENT]: select userdto0_.id as id1_0_0_, userdto0_.age as age2_0_0_, userdto0_.create_time as create_t3_0_0_, userdto0_.name as name4_0_0_, userdto0_.sex as sex5_0_0_, userdto0_.update_time as update_t6_0_0_ from t_user userdto0_ where userdto0_.id=?
2019-06-29 11:34:22,830 DEBUG Loader:38 -Static select for action ACTION_MERGE on entity com.chan.model.dto.UserDto: select userdto0_.id as id1_0_0_, userdto0_.age as age2_0_0_, userdto0_.create_time as create_t3_0_0_, userdto0_.name as name4_0_0_, userdto0_.sex as sex5_0_0_, userdto0_.update_time as update_t6_0_0_ from t_user userdto0_ where userdto0_.id=?
2019-06-29 11:34:22,830 DEBUG Loader:38 -Static select for action ACTION_REFRESH on entity com.chan.model.dto.UserDto: select userdto0_.id as id1_0_0_, userdto0_.age as age2_0_0_, userdto0_.create_time as create_t3_0_0_, userdto0_.name as name4_0_0_, userdto0_.sex as sex5_0_0_, userdto0_.update_time as update_t6_0_0_ from t_user userdto0_ where userdto0_.id=?
2019-06-29 11:34:22,890 DEBUG SchemaManagementToolCoordinator:56 -No actions specified; doing nothing
2019-06-29 11:34:22,891 DEBUG NamedQueryRepository:151 -Checking 0 named HQL queries
2019-06-29 11:34:22,891 DEBUG NamedQueryRepository:167 -Checking 0 named SQL queries
2019-06-29 11:34:22,896 DEBUG SessionFactoryRegistry:52 -Initializing SessionFactoryRegistry : org.hibernate.internal.SessionFactoryRegistry@50b1b0bb
2019-06-29 11:34:22,896 DEBUG SessionFactoryRegistry:74 -Registering SessionFactory: 9321e02b-f88f-406f-a1eb-064379e84c00 (<unnamed>)
2019-06-29 11:34:22,896 DEBUG SessionFactoryRegistry:81 -Not binding SessionFactory to JNDI, no JNDI name configured
2019-06-29 11:34:23,000 DEBUG LogFactory:135 -Logging initialized using 'class org.apache.ibatis.logging.slf4j.Slf4jImpl' adapter.
2019-06-29 11:34:23,491 DEBUG SqlSessionFactoryBean:529 -Parsed mapper file: 'file [C:\work\test\jpa-test\target\classes\mapper\TestMapper.xml]'
2019-06-29 11:34:23,547 DEBUG TraversableResolvers:93 -Found javax.persistence.Persistence on classpath containing 'getPersistenceUtil'. Assuming JPA 2 environment. Trying to instantiate JPA aware TraversableResolver
2019-06-29 11:34:23,547 DEBUG TraversableResolvers:103 -Instantiated JPA aware TraversableResolver of type org.hibernate.validator.internal.engine.resolver.JPATraversableResolver.
2019-06-29 11:34:23,548 DEBUG ResourceBundleMessageInterpolator:89 -Loaded expression factory via original TCCL
2019-06-29 11:34:23,558 DEBUG TraversableResolvers:93 -Found javax.persistence.Persistence on classpath containing 'getPersistenceUtil'. Assuming JPA 2 environment. Trying to instantiate JPA aware TraversableResolver
2019-06-29 11:34:23,558 DEBUG TraversableResolvers:103 -Instantiated JPA aware TraversableResolver of type org.hibernate.validator.internal.engine.resolver.JPATraversableResolver.
2019-06-29 11:34:23,559 DEBUG ConfigurationImpl:148 -Setting custom MessageInterpolator of type org.springframework.validation.beanvalidation.LocaleContextMessageInterpolator
2019-06-29 11:34:23,560 DEBUG ConfigurationImpl:180 -Setting custom ConstraintValidatorFactory of type org.springframework.validation.beanvalidation.SpringConstraintValidatorFactory
2019-06-29 11:34:23,561 DEBUG ConfigurationImpl:194 -Setting custom ParameterNameProvider of type org.springframework.validation.beanvalidation.LocalValidatorFactoryBean$1
2019-06-29 11:34:23,562 DEBUG ValidationXmlParser:120 -Trying to load META-INF/validation.xml for XML based Validator configuration.
2019-06-29 11:34:23,562 DEBUG ResourceLoaderHelper:53 -Trying to load META-INF/validation.xml via user class loader
2019-06-29 11:34:23,563 DEBUG ResourceLoaderHelper:60 -Trying to load META-INF/validation.xml via TCCL
2019-06-29 11:34:23,564 DEBUG ResourceLoaderHelper:66 -Trying to load META-INF/validation.xml via Hibernate Validator's class loader
2019-06-29 11:34:23,564 DEBUG ValidationXmlParser:127 -No META-INF/validation.xml found. Using annotation based configuration only.
2019-06-29 11:34:23,570 DEBUG ValidatorFactoryImpl:578 -HV000234: Using org.springframework.validation.beanvalidation.LocaleContextMessageInterpolator as ValidatorFactory-scoped message interpolator.
2019-06-29 11:34:23,570 DEBUG ValidatorFactoryImpl:579 -HV000234: Using org.hibernate.validator.internal.engine.resolver.JPATraversableResolver as ValidatorFactory-scoped traversable resolver.
2019-06-29 11:34:23,570 DEBUG ValidatorFactoryImpl:580 -HV000234: Using org.hibernate.validator.internal.util.ExecutableParameterNameProvider as ValidatorFactory-scoped parameter name provider.
2019-06-29 11:34:23,570 DEBUG ValidatorFactoryImpl:581 -HV000234: Using org.hibernate.validator.internal.engine.DefaultClockProvider as ValidatorFactory-scoped clock provider.
2019-06-29 11:34:23,570 DEBUG ValidatorFactoryImpl:582 -HV000234: Using org.hibernate.validator.internal.engine.scripting.DefaultScriptEvaluatorFactory as ValidatorFactory-scoped script evaluator factory.
2019-06-29 11:34:24,309 WARN  JpaBaseConfiguration$JpaWebConfiguration$JpaWebMvcConfiguration:237 -spring.jpa.open-in-view is enabled by default. Therefore, database queries may be performed during view rendering. Explicitly configure spring.jpa.open-in-view to disable this warning
2019-06-29 11:34:24,526 DEBUG MybatisAutoConfiguration:234 -No org.mybatis.spring.mapper.MapperFactoryBean found.
2019-06-29 11:34:24,896 INFO  Http11NioProtocol:180 -Starting ProtocolHandler ["http-nio-8090"]
2019-06-29 11:34:24,919 INFO  NioSelectorPool:180 -Using a shared selector for servlet write/read
2019-06-29 11:34:24,955 INFO  JpaTestApplication:59 -Started JpaTestApplication in 12.649 seconds (JVM running for 23.643)
2019-06-29 11:34:49,487 INFO  [/]:180 -Initializing Spring FrameworkServlet 'dispatcherServlet'
2019-06-29 11:34:49,711 DEBUG StatisticsInitiator:82 -Statistics initialized [enabled=false]
2019-06-29 11:34:49,787 DEBUG SqlSessionUtils:97 -Creating a new SqlSession
2019-06-29 11:34:49,807 DEBUG SqlSessionUtils:148 -SqlSession [org.apache.ibatis.session.defaults.DefaultSqlSession@2a5ce355] was not registered for synchronization because synchronization is not active
2019-06-29 11:34:49,828 DEBUG SpringManagedTransaction:87 -JDBC Connection [HikariProxyConnection@521496791 wrapping com.mysql.cj.jdbc.ConnectionImpl@47244b80] will not be managed by Spring
2019-06-29 11:34:49,832 DEBUG find:159 -==>  Preparing: SELECT * FROM t_user WHERE `id` = ? 
2019-06-29 11:34:49,867 DEBUG find:159 -==> Parameters: 1(Long)
2019-06-29 11:34:49,907 DEBUG find:159 -<==      Total: 1
2019-06-29 11:34:49,909 DEBUG SqlSessionUtils:191 -Closing non transactional SqlSession [org.apache.ibatis.session.defaults.DefaultSqlSession@2a5ce355]
2019-06-29 11:34:50,598 DEBUG HikariPool:404 -HikariPool-1 - Pool stats (total=10, active=0, idle=10, waiting=0)
